<?xml version="1.0" encoding="UTF-8"?>
<!-- Generated by org.testng.reporters.JUnitReportReporter -->
<testsuite hostname="Rusalina-Alam" name="com.app.test.basicTestNGTest" tests="14" failures="0" timestamp="7 Apr 2020 01:46:06 GMT" time="8.604" errors="0">
  <testcase name="validateUserName" time="0.611" classname="com.app.test.basicTestNGTest"/>
  <testcase name="validatePassword" time="0.603" classname="com.app.test.basicTestNGTest"/>
  <testcase name="validateSubmit" time="0.573" classname="com.app.test.basicTestNGTest"/>
  <testcase name="validateFirstName" time="0.613" classname="com.app.test.basicTestNGTest"/>
  <testcase name="validateTitle" time="0.514" classname="com.app.test.basicTestNGTest"/>
  <testcase name="validateLastName" time="0.618" classname="com.app.test.basicTestNGTest"/>
  <testcase name="validateUrl" time="0.513" classname="com.app.test.basicTestNGTest"/>
  <testcase name="validateCity" time="0.597" classname="com.app.test.basicTestNGTest"/>
  <testcase name="validateAddress" time="0.748" classname="com.app.test.basicTestNGTest"/>
  <testcase name="validateState" time="0.646" classname="com.app.test.basicTestNGTest"/>
  <testcase name="validatePhone" time="0.628" classname="com.app.test.basicTestNGTest"/>
  <testcase name="validateConfirmPassword" time="0.621" classname="com.app.test.basicTestNGTest"/>
  <testcase name="validateEmail" time="0.711" classname="com.app.test.basicTestNGTest"/>
  <testcase name="validatePostalCode" time="0.608" classname="com.app.test.basicTestNGTest"/>
</testsuite> <!-- com.app.test.basicTestNGTest -->
