<?xml version="1.0" encoding="UTF-8"?>
<!-- Generated by org.testng.reporters.JUnitReportReporter -->
<testsuite hostname="Rusalina-Alam" name="com.app.test.basicTestNGTest" tests="14" failures="0" timestamp="3 May 2020 02:12:56 GMT" time="7.771" errors="0">
  <testcase name="validatePhone" time="0.558" classname="com.app.test.basicTestNGTest"/>
  <testcase name="validateEmail" time="0.575" classname="com.app.test.basicTestNGTest"/>
  <testcase name="validateUserName" time="0.562" classname="com.app.test.basicTestNGTest"/>
  <testcase name="validatePassword" time="0.558" classname="com.app.test.basicTestNGTest"/>
  <testcase name="validateConfirmPassword" time="0.558" classname="com.app.test.basicTestNGTest"/>
  <testcase name="validatePostalCode" time="0.549" classname="com.app.test.basicTestNGTest"/>
  <testcase name="validateUrl" time="0.511" classname="com.app.test.basicTestNGTest"/>
  <testcase name="validateSubmit" time="0.547" classname="com.app.test.basicTestNGTest"/>
  <testcase name="validateTitle" time="0.511" classname="com.app.test.basicTestNGTest"/>
  <testcase name="validateFirstName" time="0.575" classname="com.app.test.basicTestNGTest"/>
  <testcase name="validateState" time="0.551" classname="com.app.test.basicTestNGTest"/>
  <testcase name="validateCity" time="0.552" classname="com.app.test.basicTestNGTest"/>
  <testcase name="validateAddress" time="0.596" classname="com.app.test.basicTestNGTest"/>
  <testcase name="validateLastName" time="0.568" classname="com.app.test.basicTestNGTest"/>
</testsuite> <!-- com.app.test.basicTestNGTest -->
